Hmm ... looks like a package
Converting parsed Rd's to LaTeX .
Creating pdf output from LaTeX ...
This is pdfTeX, Version 3.141592653-2.6-1.40.27 (TeX Live 2025) (preloaded format=pdflatex)
 restricted \write18 enabled.
entering extended mode
(./Rd2.tex
LaTeX2e <2024-11-01> patch level 2
L3 programming layer <2025-01-18>

(/usr/local/texlive/2025basic/texmf-dist/tex/latex/base/book.cls
Document Class: book 2024/06/29 v1.4n Standard LaTeX document class
(/usr/local/texlive/2025basic/texmf-dist/tex/latex/base/bk10.clo))
(/opt/homebrew/Cellar/r/4.5.0/lib/R/share/texmf/tex/latex/Rd.sty
(/usr/local/texlive/2025basic/texmf-dist/tex/latex/base/ifthen.sty)
(/usr/local/texlive/2025basic/texmf-dist/tex/generic/iftex/iftex.sty)
(/usr/local/texlive/2025basic/texmf-dist/tex/latex/tools/longtable.sty)
(/usr/local/texlive/2025basic/texmf-dist/tex/latex/tools/bm.sty)
(/usr/local/texlive/2025basic/texmf-dist/tex/latex/base/alltt.sty)
(/usr/local/texlive/2025basic/texmf-dist/tex/latex/tools/verbatim.sty)
(/usr/local/texlive/2025basic/texmf-dist/tex/latex/url/url.sty)
(/usr/local/texlive/2025basic/texmf-dist/tex/latex/base/textcomp.sty)
(/usr/local/texlive/2025basic/texmf-dist/tex/latex/amsmath/amsmath.sty
For additional information on amsmath, use the `?' option.
(/usr/local/texlive/2025basic/texmf-dist/tex/latex/amsmath/amstext.sty
(/usr/local/texlive/2025basic/texmf-dist/tex/latex/amsmath/amsgen.sty))
(/usr/local/texlive/2025basic/texmf-dist/tex/latex/amsmath/amsbsy.sty)
(/usr/local/texlive/2025basic/texmf-dist/tex/latex/amsmath/amsopn.sty))
(/usr/local/texlive/2025basic/texmf-dist/tex/latex/amsfonts/amsfonts.sty)
(/usr/local/texlive/2025basic/texmf-dist/tex/latex/amsfonts/amssymb.sty)
(/usr/local/texlive/2025basic/texmf-dist/tex/latex/amsfonts/eucal.sty)
(/usr/local/texlive/2025basic/texmf-dist/tex/latex/base/fontenc.sty)
(/usr/local/texlive/2025basic/texmf-dist/tex/latex/psnfss/times.sty)
(/usr/local/texlive/2025basic/texmf-dist/tex/latex/inconsolata/zi4.sty
`inconsolata-zi4' v1.12, 2019/05/17 Text macros for Inconsolata (msharpe)
(/usr/local/texlive/2025basic/texmf-dist/tex/latex/xkeyval/xkeyval.sty
(/usr/local/texlive/2025basic/texmf-dist/tex/generic/xkeyval/xkeyval.tex
(/usr/local/texlive/2025basic/texmf-dist/tex/generic/xkeyval/xkvutils.tex
(/usr/local/texlive/2025basic/texmf-dist/tex/generic/xkeyval/keyval.tex)))))
(/usr/local/texlive/2025basic/texmf-dist/tex/latex/graphics/color.sty
(/usr/local/texlive/2025basic/texmf-dist/tex/latex/graphics-cfg/color.cfg)
(/usr/local/texlive/2025basic/texmf-dist/tex/latex/graphics-def/pdftex.def)
(/usr/local/texlive/2025basic/texmf-dist/tex/latex/graphics/mathcolor.ltx))
(/usr/local/texlive/2025basic/texmf-dist/tex/latex/hyperref/hyperref.sty
(/usr/local/texlive/2025basic/texmf-dist/tex/latex/kvsetkeys/kvsetkeys.sty)
(/usr/local/texlive/2025basic/texmf-dist/tex/generic/kvdefinekeys/kvdefinekeys.
sty)
(/usr/local/texlive/2025basic/texmf-dist/tex/generic/pdfescape/pdfescape.sty
(/usr/local/texlive/2025basic/texmf-dist/tex/generic/ltxcmds/ltxcmds.sty)
(/usr/local/texlive/2025basic/texmf-dist/tex/generic/pdftexcmds/pdftexcmds.sty
(/usr/local/texlive/2025basic/texmf-dist/tex/generic/infwarerr/infwarerr.sty)))
 (/usr/local/texlive/2025basic/texmf-dist/tex/latex/hycolor/hycolor.sty)
(/usr/local/texlive/2025basic/texmf-dist/tex/latex/hyperref/nameref.sty
(/usr/local/texlive/2025basic/texmf-dist/tex/latex/refcount/refcount.sty)
(/usr/local/texlive/2025basic/texmf-dist/tex/generic/gettitlestring/gettitlestr
ing.sty
(/usr/local/texlive/2025basic/texmf-dist/tex/latex/kvoptions/kvoptions.sty)))
(/usr/local/texlive/2025basic/texmf-dist/tex/latex/etoolbox/etoolbox.sty)
(/usr/local/texlive/2025basic/texmf-dist/tex/generic/stringenc/stringenc.sty)
(/usr/local/texlive/2025basic/texmf-dist/tex/latex/hyperref/pd1enc.def)
(/usr/local/texlive/2025basic/texmf-dist/tex/generic/intcalc/intcalc.sty)
(/usr/local/texlive/2025basic/texmf-dist/tex/latex/hyperref/puenc.def)
(/usr/local/texlive/2025basic/texmf-dist/tex/generic/bitset/bitset.sty
(/usr/local/texlive/2025basic/texmf-dist/tex/generic/bigintcalc/bigintcalc.sty)
) (/usr/local/texlive/2025basic/texmf-dist/tex/latex/base/atbegshi-ltx.sty))
(/usr/local/texlive/2025basic/texmf-dist/tex/latex/hyperref/hpdftex.def
(/usr/local/texlive/2025basic/texmf-dist/tex/latex/base/atveryend-ltx.sty)
(/usr/local/texlive/2025basic/texmf-dist/tex/latex/rerunfilecheck/rerunfilechec
k.sty
(/usr/local/texlive/2025basic/texmf-dist/tex/generic/uniquecounter/uniquecounte
r.sty)))) (/usr/local/texlive/2025basic/texmf-dist/tex/latex/base/makeidx.sty)
Writing index file Rd2.idx
(/usr/local/texlive/2025basic/texmf-dist/tex/latex/psnfss/t1ptm.fd)
(/usr/local/texlive/2025basic/texmf-dist/tex/latex/l3backend/l3backend-pdftex.d
ef)
No file Rd2.aux.
(/usr/local/texlive/2025basic/texmf-dist/tex/context/base/mkii/supp-pdf.mkii
[Loading MPS to PDF converter (version 2006.09.02).]
) (/usr/local/texlive/2025basic/texmf-dist/tex/latex/psnfss/ts1ptm.fd)
(/usr/local/texlive/2025basic/texmf-dist/tex/latex/inconsolata/t1zi4.fd)
No file Rd2.toc.
(/usr/local/texlive/2025basic/texmf-dist/tex/latex/amsfonts/umsa.fd)
(/usr/local/texlive/2025basic/texmf-dist/tex/latex/amsfonts/umsb.fd)
[1{/usr/local/texlive/2025basic/texmf-var/fonts/map/pdftex/updmap/pdftex.map}{/
usr/local/texlive/2025basic/texmf-dist/fonts/enc/dvips/base/8r.enc}{/usr/local/
texlive/2025basic/texmf-dist/fonts/enc/dvips/inconsolata/i4-t1-0.enc}]
[2]
[3]
[4]
[5]
Overfull \hbox (8.21341pt too wide) in paragraph at lines 300--300
 []\T1/zi4/m/n/9 result <- mise.lambda.optim(lambda, x, y, r = 1, sig = sig, ns
eg = 10, pord = 2, bdeg = 3, f = f)[] 

Overfull \hbox (8.21341pt too wide) in paragraph at lines 308--308
 []\T1/zi4/m/n/9 result <- mise.lambda.optim(lambda, x, y, r = 1, sig = sig, ns
eg = 10, pord = 2, bdeg = 3, f = f)[] 

[6]
Overfull \hbox (80.24101pt too wide) in paragraph at lines 381--381
 []\T1/zi4/m/n/9 legend("topright", legend = c("Estimated Derivative", "True De
rivative"), col = c("blue", "green"), lty = 1:2)[] 

Overfull \hbox (80.24101pt too wide) in paragraph at lines 393--393
 []\T1/zi4/m/n/9 legend("topright", legend = c("Estimated Derivative", "True De
rivative"), col = c("blue", "green"), lty = 1:2)[] 

[7]
[8]
Overfull \hbox (135.70728pt too wide) in paragraph at lines 470--470
 []\T1/zi4/m/n/9 result <- oracle.est(initial.lambda = 0.1, x, y, r = 1, fr.gri
d = fprime.grid, nseg = 10, pord = 2, bdeg = 3, x.grid = x.grid)[] 

Overfull \hbox (80.24101pt too wide) in paragraph at lines 473--473
 []\T1/zi4/m/n/9 legend("topright", legend = c("Estimated Derivative", "True De
rivative"), col = c("blue", "green"), lty = 1:2)[] 

Overfull \hbox (135.70728pt too wide) in paragraph at lines 482--482
 []\T1/zi4/m/n/9 result <- oracle.est(initial.lambda = 0.1, x, y, r = 1, fr.gri
d = fprime.grid, nseg = 10, pord = 2, bdeg = 3, x.grid = x.grid)[] 

Overfull \hbox (80.24101pt too wide) in paragraph at lines 485--485
 []\T1/zi4/m/n/9 legend("topright", legend = c("Estimated Derivative", "True De
rivative"), col = c("blue", "green"), lty = 1:2)[] 

[9]
Overfull \hbox (104.20728pt too wide) in paragraph at lines 559--559
 []\T1/zi4/m/n/9 result <- oracle.loss(lambda = 0.1, x, y, r = 1, fr.grid = fpr
ime.grid, nseg = 10, pord = 2, bdeg = 3, x.grid = x.grid)[] 

Overfull \hbox (104.20728pt too wide) in paragraph at lines 569--569
 []\T1/zi4/m/n/9 result <- oracle.loss(lambda = 0.1, x, y, r = 1, fr.grid = fpr
ime.grid, nseg = 10, pord = 2, bdeg = 3, x.grid = x.grid)[] 

[10]
[11]
Overfull \hbox (80.24101pt too wide) in paragraph at lines 646--646
 []\T1/zi4/m/n/9 legend("topright", legend = c("Estimated Derivative", "True De
rivative"), col = c("blue", "green"), lty = 1:2)[] 
(/usr/local/texlive/2025basic/texmf-dist/tex/latex/inconsolata/ts1zi4.fd)
Overfull \hbox (80.24101pt too wide) in paragraph at lines 660--660
 []\T1/zi4/m/n/9 legend("topright", legend = c("Estimated Derivative", "True De
rivative"), col = c("blue", "green"), lty = 1:2)[] 

[12{/usr/local/texlive/2025basic/texmf-dist/fonts/enc/dvips/inconsolata/i4-ts1.
enc}]
Overfull \hbox (80.24101pt too wide) in paragraph at lines 732--732
 []\T1/zi4/m/n/9 legend("topright", legend = c("Estimated Derivative", "True De
rivative"), col = c("blue", "green"), lty = 1:2)[] 

[13]
Overfull \hbox (80.24101pt too wide) in paragraph at lines 744--744
 []\T1/zi4/m/n/9 legend("topright", legend = c("Estimated Derivative", "True De
rivative"), col = c("blue", "green"), lty = 1:2)[] 

[14]
Overfull \hbox (80.24101pt too wide) in paragraph at lines 810--810
 []\T1/zi4/m/n/9 legend("topright", legend = c("Estimated Derivative", "True De
rivative"), col = c("blue", "green"), lty = 1:2)[] 

Overfull \hbox (80.24101pt too wide) in paragraph at lines 822--822
 []\T1/zi4/m/n/9 legend("topright", legend = c("Estimated Derivative", "True De
rivative"), col = c("blue", "green"), lty = 1:2)[] 

Overfull \hbox (195.71954pt too wide) in paragraph at lines 823--823
 []\T1/zi4/m/n/9 #\TS1/zi4/m/n/9 ' \T1/zi4/m/n/9 @references Eilers, P. H. C. &
 Marx, B. D. (1996). Flexible smoothing with B-splines and penalties. Statistic
al Science, 11(2), 89-121.[] 
No file Rd2.ind.

[15] (./Rd2.aux)

Package rerunfilecheck Warning: File `Rd2.out' has changed.
(rerunfilecheck)                Rerun to get outlines right
(rerunfilecheck)                or use package `bookmark'.

 )
(see the transcript file for additional information)</usr/local/texlive/2025bas
ic/texmf-dist/fonts/type1/public/inconsolata/Inconsolata-zi4r.pfb></usr/local/t
exlive/2025basic/texmf-dist/fonts/type1/public/amsfonts/cm/cmmi10.pfb></usr/loc
al/texlive/2025basic/texmf-dist/fonts/type1/public/amsfonts/cm/cmr10.pfb></usr/
local/texlive/2025basic/texmf-dist/fonts/type1/public/amsfonts/cm/cmr7.pfb></us
r/local/texlive/2025basic/texmf-dist/fonts/type1/public/amsfonts/cm/cmsy10.pfb>
</usr/local/texlive/2025basic/texmf-dist/fonts/type1/urw/times/utmb8a.pfb></usr
/local/texlive/2025basic/texmf-dist/fonts/type1/urw/times/utmr8a.pfb></usr/loca
l/texlive/2025basic/texmf-dist/fonts/type1/urw/times/utmr8a.pfb></usr/local/tex
live/2025basic/texmf-dist/fonts/type1/urw/times/utmri8a.pfb>
Output written on Rd2.pdf (15 pages, 136610 bytes).
Transcript written on Rd2.log.
This is makeindex, version 2.17 [TeX Live 2025] (kpathsea + Thai support).
Scanning input file Rd2.idx....done (22 entries accepted, 0 rejected).
Sorting entries....done (108 comparisons).
Generating output file Rd2.ind....done (40 lines written, 1 warning).
Output written in Rd2.ind.
Transcript written in Rd2.ilg.
This is pdfTeX, Version 3.141592653-2.6-1.40.27 (TeX Live 2025) (preloaded format=pdflatex)
 restricted \write18 enabled.
entering extended mode
(./Rd2.tex
LaTeX2e <2024-11-01> patch level 2
L3 programming layer <2025-01-18>

(/usr/local/texlive/2025basic/texmf-dist/tex/latex/base/book.cls
Document Class: book 2024/06/29 v1.4n Standard LaTeX document class
(/usr/local/texlive/2025basic/texmf-dist/tex/latex/base/bk10.clo))
(/opt/homebrew/Cellar/r/4.5.0/lib/R/share/texmf/tex/latex/Rd.sty
(/usr/local/texlive/2025basic/texmf-dist/tex/latex/base/ifthen.sty)
(/usr/local/texlive/2025basic/texmf-dist/tex/generic/iftex/iftex.sty)
(/usr/local/texlive/2025basic/texmf-dist/tex/latex/tools/longtable.sty)
(/usr/local/texlive/2025basic/texmf-dist/tex/latex/tools/bm.sty)
(/usr/local/texlive/2025basic/texmf-dist/tex/latex/base/alltt.sty)
(/usr/local/texlive/2025basic/texmf-dist/tex/latex/tools/verbatim.sty)
(/usr/local/texlive/2025basic/texmf-dist/tex/latex/url/url.sty)
(/usr/local/texlive/2025basic/texmf-dist/tex/latex/base/textcomp.sty)
(/usr/local/texlive/2025basic/texmf-dist/tex/latex/amsmath/amsmath.sty
For additional information on amsmath, use the `?' option.
(/usr/local/texlive/2025basic/texmf-dist/tex/latex/amsmath/amstext.sty
(/usr/local/texlive/2025basic/texmf-dist/tex/latex/amsmath/amsgen.sty))
(/usr/local/texlive/2025basic/texmf-dist/tex/latex/amsmath/amsbsy.sty)
(/usr/local/texlive/2025basic/texmf-dist/tex/latex/amsmath/amsopn.sty))
(/usr/local/texlive/2025basic/texmf-dist/tex/latex/amsfonts/amsfonts.sty)
(/usr/local/texlive/2025basic/texmf-dist/tex/latex/amsfonts/amssymb.sty)
(/usr/local/texlive/2025basic/texmf-dist/tex/latex/amsfonts/eucal.sty)
(/usr/local/texlive/2025basic/texmf-dist/tex/latex/base/fontenc.sty)
(/usr/local/texlive/2025basic/texmf-dist/tex/latex/psnfss/times.sty)
(/usr/local/texlive/2025basic/texmf-dist/tex/latex/inconsolata/zi4.sty
`inconsolata-zi4' v1.12, 2019/05/17 Text macros for Inconsolata (msharpe)
(/usr/local/texlive/2025basic/texmf-dist/tex/latex/xkeyval/xkeyval.sty
(/usr/local/texlive/2025basic/texmf-dist/tex/generic/xkeyval/xkeyval.tex
(/usr/local/texlive/2025basic/texmf-dist/tex/generic/xkeyval/xkvutils.tex
(/usr/local/texlive/2025basic/texmf-dist/tex/generic/xkeyval/keyval.tex)))))
(/usr/local/texlive/2025basic/texmf-dist/tex/latex/graphics/color.sty
(/usr/local/texlive/2025basic/texmf-dist/tex/latex/graphics-cfg/color.cfg)
(/usr/local/texlive/2025basic/texmf-dist/tex/latex/graphics-def/pdftex.def)
(/usr/local/texlive/2025basic/texmf-dist/tex/latex/graphics/mathcolor.ltx))
(/usr/local/texlive/2025basic/texmf-dist/tex/latex/hyperref/hyperref.sty
(/usr/local/texlive/2025basic/texmf-dist/tex/latex/kvsetkeys/kvsetkeys.sty)
(/usr/local/texlive/2025basic/texmf-dist/tex/generic/kvdefinekeys/kvdefinekeys.
sty)
(/usr/local/texlive/2025basic/texmf-dist/tex/generic/pdfescape/pdfescape.sty
(/usr/local/texlive/2025basic/texmf-dist/tex/generic/ltxcmds/ltxcmds.sty)
(/usr/local/texlive/2025basic/texmf-dist/tex/generic/pdftexcmds/pdftexcmds.sty
(/usr/local/texlive/2025basic/texmf-dist/tex/generic/infwarerr/infwarerr.sty)))
 (/usr/local/texlive/2025basic/texmf-dist/tex/latex/hycolor/hycolor.sty)
(/usr/local/texlive/2025basic/texmf-dist/tex/latex/hyperref/nameref.sty
(/usr/local/texlive/2025basic/texmf-dist/tex/latex/refcount/refcount.sty)
(/usr/local/texlive/2025basic/texmf-dist/tex/generic/gettitlestring/gettitlestr
ing.sty
(/usr/local/texlive/2025basic/texmf-dist/tex/latex/kvoptions/kvoptions.sty)))
(/usr/local/texlive/2025basic/texmf-dist/tex/latex/etoolbox/etoolbox.sty)
(/usr/local/texlive/2025basic/texmf-dist/tex/generic/stringenc/stringenc.sty)
(/usr/local/texlive/2025basic/texmf-dist/tex/latex/hyperref/pd1enc.def)
(/usr/local/texlive/2025basic/texmf-dist/tex/generic/intcalc/intcalc.sty)
(/usr/local/texlive/2025basic/texmf-dist/tex/latex/hyperref/puenc.def)
(/usr/local/texlive/2025basic/texmf-dist/tex/generic/bitset/bitset.sty
(/usr/local/texlive/2025basic/texmf-dist/tex/generic/bigintcalc/bigintcalc.sty)
) (/usr/local/texlive/2025basic/texmf-dist/tex/latex/base/atbegshi-ltx.sty))
(/usr/local/texlive/2025basic/texmf-dist/tex/latex/hyperref/hpdftex.def
(/usr/local/texlive/2025basic/texmf-dist/tex/latex/base/atveryend-ltx.sty)
(/usr/local/texlive/2025basic/texmf-dist/tex/latex/rerunfilecheck/rerunfilechec
k.sty
(/usr/local/texlive/2025basic/texmf-dist/tex/generic/uniquecounter/uniquecounte
r.sty)))) (/usr/local/texlive/2025basic/texmf-dist/tex/latex/base/makeidx.sty)
Writing index file Rd2.idx
(/usr/local/texlive/2025basic/texmf-dist/tex/latex/psnfss/t1ptm.fd)
(/usr/local/texlive/2025basic/texmf-dist/tex/latex/l3backend/l3backend-pdftex.d
ef) (./Rd2.aux)
(/usr/local/texlive/2025basic/texmf-dist/tex/context/base/mkii/supp-pdf.mkii
[Loading MPS to PDF converter (version 2006.09.02).]
) (./Rd2.out) (./Rd2.out)
(/usr/local/texlive/2025basic/texmf-dist/tex/latex/psnfss/ts1ptm.fd)
(/usr/local/texlive/2025basic/texmf-dist/tex/latex/inconsolata/t1zi4.fd)
(./Rd2.toc (/usr/local/texlive/2025basic/texmf-dist/tex/latex/amsfonts/umsa.fd)
(/usr/local/texlive/2025basic/texmf-dist/tex/latex/amsfonts/umsb.fd))
[1{/usr/local/texlive/2025basic/texmf-var/fonts/map/pdftex/updmap/pdftex.map}{/
usr/local/texlive/2025basic/texmf-dist/fonts/enc/dvips/base/8r.enc}{/usr/local/
texlive/2025basic/texmf-dist/fonts/enc/dvips/inconsolata/i4-t1-0.enc}]
[2]
[3]
[4]
[5]
Overfull \hbox (8.21341pt too wide) in paragraph at lines 300--300
 []\T1/zi4/m/n/9 result <- mise.lambda.optim(lambda, x, y, r = 1, sig = sig, ns
eg = 10, pord = 2, bdeg = 3, f = f)[] 

Overfull \hbox (8.21341pt too wide) in paragraph at lines 308--308
 []\T1/zi4/m/n/9 result <- mise.lambda.optim(lambda, x, y, r = 1, sig = sig, ns
eg = 10, pord = 2, bdeg = 3, f = f)[] 

[6]
[7]
Overfull \hbox (80.24101pt too wide) in paragraph at lines 381--381
 []\T1/zi4/m/n/9 legend("topright", legend = c("Estimated Derivative", "True De
rivative"), col = c("blue", "green"), lty = 1:2)[] 

Overfull \hbox (80.24101pt too wide) in paragraph at lines 393--393
 []\T1/zi4/m/n/9 legend("topright", legend = c("Estimated Derivative", "True De
rivative"), col = c("blue", "green"), lty = 1:2)[] 

[8]
Overfull \hbox (135.70728pt too wide) in paragraph at lines 470--470
 []\T1/zi4/m/n/9 result <- oracle.est(initial.lambda = 0.1, x, y, r = 1, fr.gri
d = fprime.grid, nseg = 10, pord = 2, bdeg = 3, x.grid = x.grid)[] 

Overfull \hbox (80.24101pt too wide) in paragraph at lines 473--473
 []\T1/zi4/m/n/9 legend("topright", legend = c("Estimated Derivative", "True De
rivative"), col = c("blue", "green"), lty = 1:2)[] 

Overfull \hbox (135.70728pt too wide) in paragraph at lines 482--482
 []\T1/zi4/m/n/9 result <- oracle.est(initial.lambda = 0.1, x, y, r = 1, fr.gri
d = fprime.grid, nseg = 10, pord = 2, bdeg = 3, x.grid = x.grid)[] 

[9]
Overfull \hbox (80.24101pt too wide) in paragraph at lines 485--485
 []\T1/zi4/m/n/9 legend("topright", legend = c("Estimated Derivative", "True De
rivative"), col = c("blue", "green"), lty = 1:2)[] 

[10]
Overfull \hbox (104.20728pt too wide) in paragraph at lines 559--559
 []\T1/zi4/m/n/9 result <- oracle.loss(lambda = 0.1, x, y, r = 1, fr.grid = fpr
ime.grid, nseg = 10, pord = 2, bdeg = 3, x.grid = x.grid)[] 

Overfull \hbox (104.20728pt too wide) in paragraph at lines 569--569
 []\T1/zi4/m/n/9 result <- oracle.loss(lambda = 0.1, x, y, r = 1, fr.grid = fpr
ime.grid, nseg = 10, pord = 2, bdeg = 3, x.grid = x.grid)[] 

[11]
Overfull \hbox (80.24101pt too wide) in paragraph at lines 646--646
 []\T1/zi4/m/n/9 legend("topright", legend = c("Estimated Derivative", "True De
rivative"), col = c("blue", "green"), lty = 1:2)[] 
(/usr/local/texlive/2025basic/texmf-dist/tex/latex/inconsolata/ts1zi4.fd)
[12{/usr/local/texlive/2025basic/texmf-dist/fonts/enc/dvips/inconsolata/i4-ts1.
enc}]
Overfull \hbox (80.24101pt too wide) in paragraph at lines 660--660
 []\T1/zi4/m/n/9 legend("topright", legend = c("Estimated Derivative", "True De
rivative"), col = c("blue", "green"), lty = 1:2)[] 

[13]
Overfull \hbox (80.24101pt too wide) in paragraph at lines 732--732
 []\T1/zi4/m/n/9 legend("topright", legend = c("Estimated Derivative", "True De
rivative"), col = c("blue", "green"), lty = 1:2)[] 

Overfull \hbox (80.24101pt too wide) in paragraph at lines 744--744
 []\T1/zi4/m/n/9 legend("topright", legend = c("Estimated Derivative", "True De
rivative"), col = c("blue", "green"), lty = 1:2)[] 

[14]
Overfull \hbox (80.24101pt too wide) in paragraph at lines 810--810
 []\T1/zi4/m/n/9 legend("topright", legend = c("Estimated Derivative", "True De
rivative"), col = c("blue", "green"), lty = 1:2)[] 

[15]
Overfull \hbox (80.24101pt too wide) in paragraph at lines 822--822
 []\T1/zi4/m/n/9 legend("topright", legend = c("Estimated Derivative", "True De
rivative"), col = c("blue", "green"), lty = 1:2)[] 

Overfull \hbox (195.71954pt too wide) in paragraph at lines 823--823
 []\T1/zi4/m/n/9 #\TS1/zi4/m/n/9 ' \T1/zi4/m/n/9 @references Eilers, P. H. C. &
 Marx, B. D. (1996). Flexible smoothing with B-splines and penalties. Statistic
al Science, 11(2), 89-121.[] 
(./Rd2.ind
[16]

[17]) (./Rd2.aux)

Package rerunfilecheck Warning: File `Rd2.out' has changed.
(rerunfilecheck)                Rerun to get outlines right
(rerunfilecheck)                or use package `bookmark'.

 )
(see the transcript file for additional information)</usr/local/texlive/2025bas
ic/texmf-dist/fonts/type1/public/inconsolata/Inconsolata-zi4r.pfb></usr/local/t
exlive/2025basic/texmf-dist/fonts/type1/public/amsfonts/cm/cmmi10.pfb></usr/loc
al/texlive/2025basic/texmf-dist/fonts/type1/public/amsfonts/cm/cmr10.pfb></usr/
local/texlive/2025basic/texmf-dist/fonts/type1/public/amsfonts/cm/cmr7.pfb></us
r/local/texlive/2025basic/texmf-dist/fonts/type1/public/amsfonts/cm/cmsy10.pfb>
</usr/local/texlive/2025basic/texmf-dist/fonts/type1/urw/times/utmb8a.pfb></usr
/local/texlive/2025basic/texmf-dist/fonts/type1/urw/times/utmr8a.pfb></usr/loca
l/texlive/2025basic/texmf-dist/fonts/type1/urw/times/utmr8a.pfb></usr/local/tex
live/2025basic/texmf-dist/fonts/type1/urw/times/utmri8a.pfb>
Output written on Rd2.pdf (17 pages, 140734 bytes).
Transcript written on Rd2.log.
This is makeindex, version 2.17 [TeX Live 2025] (kpathsea + Thai support).
Scanning input file Rd2.idx....done (22 entries accepted, 0 rejected).
Sorting entries....done (108 comparisons).
Generating output file Rd2.ind....done (40 lines written, 1 warning).
Output written in Rd2.ind.
Transcript written in Rd2.ilg.
This is pdfTeX, Version 3.141592653-2.6-1.40.27 (TeX Live 2025) (preloaded format=pdflatex)
 restricted \write18 enabled.
entering extended mode
(./Rd2.tex
LaTeX2e <2024-11-01> patch level 2
L3 programming layer <2025-01-18>

(/usr/local/texlive/2025basic/texmf-dist/tex/latex/base/book.cls
Document Class: book 2024/06/29 v1.4n Standard LaTeX document class
(/usr/local/texlive/2025basic/texmf-dist/tex/latex/base/bk10.clo))
(/opt/homebrew/Cellar/r/4.5.0/lib/R/share/texmf/tex/latex/Rd.sty
(/usr/local/texlive/2025basic/texmf-dist/tex/latex/base/ifthen.sty)
(/usr/local/texlive/2025basic/texmf-dist/tex/generic/iftex/iftex.sty)
(/usr/local/texlive/2025basic/texmf-dist/tex/latex/tools/longtable.sty)
(/usr/local/texlive/2025basic/texmf-dist/tex/latex/tools/bm.sty)
(/usr/local/texlive/2025basic/texmf-dist/tex/latex/base/alltt.sty)
(/usr/local/texlive/2025basic/texmf-dist/tex/latex/tools/verbatim.sty)
(/usr/local/texlive/2025basic/texmf-dist/tex/latex/url/url.sty)
(/usr/local/texlive/2025basic/texmf-dist/tex/latex/base/textcomp.sty)
(/usr/local/texlive/2025basic/texmf-dist/tex/latex/amsmath/amsmath.sty
For additional information on amsmath, use the `?' option.
(/usr/local/texlive/2025basic/texmf-dist/tex/latex/amsmath/amstext.sty
(/usr/local/texlive/2025basic/texmf-dist/tex/latex/amsmath/amsgen.sty))
(/usr/local/texlive/2025basic/texmf-dist/tex/latex/amsmath/amsbsy.sty)
(/usr/local/texlive/2025basic/texmf-dist/tex/latex/amsmath/amsopn.sty))
(/usr/local/texlive/2025basic/texmf-dist/tex/latex/amsfonts/amsfonts.sty)
(/usr/local/texlive/2025basic/texmf-dist/tex/latex/amsfonts/amssymb.sty)
(/usr/local/texlive/2025basic/texmf-dist/tex/latex/amsfonts/eucal.sty)
(/usr/local/texlive/2025basic/texmf-dist/tex/latex/base/fontenc.sty)
(/usr/local/texlive/2025basic/texmf-dist/tex/latex/psnfss/times.sty)
(/usr/local/texlive/2025basic/texmf-dist/tex/latex/inconsolata/zi4.sty
`inconsolata-zi4' v1.12, 2019/05/17 Text macros for Inconsolata (msharpe)
(/usr/local/texlive/2025basic/texmf-dist/tex/latex/xkeyval/xkeyval.sty
(/usr/local/texlive/2025basic/texmf-dist/tex/generic/xkeyval/xkeyval.tex
(/usr/local/texlive/2025basic/texmf-dist/tex/generic/xkeyval/xkvutils.tex
(/usr/local/texlive/2025basic/texmf-dist/tex/generic/xkeyval/keyval.tex)))))
(/usr/local/texlive/2025basic/texmf-dist/tex/latex/graphics/color.sty
(/usr/local/texlive/2025basic/texmf-dist/tex/latex/graphics-cfg/color.cfg)
(/usr/local/texlive/2025basic/texmf-dist/tex/latex/graphics-def/pdftex.def)
(/usr/local/texlive/2025basic/texmf-dist/tex/latex/graphics/mathcolor.ltx))
(/usr/local/texlive/2025basic/texmf-dist/tex/latex/hyperref/hyperref.sty
(/usr/local/texlive/2025basic/texmf-dist/tex/latex/kvsetkeys/kvsetkeys.sty)
(/usr/local/texlive/2025basic/texmf-dist/tex/generic/kvdefinekeys/kvdefinekeys.
sty)
(/usr/local/texlive/2025basic/texmf-dist/tex/generic/pdfescape/pdfescape.sty
(/usr/local/texlive/2025basic/texmf-dist/tex/generic/ltxcmds/ltxcmds.sty)
(/usr/local/texlive/2025basic/texmf-dist/tex/generic/pdftexcmds/pdftexcmds.sty
(/usr/local/texlive/2025basic/texmf-dist/tex/generic/infwarerr/infwarerr.sty)))
 (/usr/local/texlive/2025basic/texmf-dist/tex/latex/hycolor/hycolor.sty)
(/usr/local/texlive/2025basic/texmf-dist/tex/latex/hyperref/nameref.sty
(/usr/local/texlive/2025basic/texmf-dist/tex/latex/refcount/refcount.sty)
(/usr/local/texlive/2025basic/texmf-dist/tex/generic/gettitlestring/gettitlestr
ing.sty
(/usr/local/texlive/2025basic/texmf-dist/tex/latex/kvoptions/kvoptions.sty)))
(/usr/local/texlive/2025basic/texmf-dist/tex/latex/etoolbox/etoolbox.sty)
(/usr/local/texlive/2025basic/texmf-dist/tex/generic/stringenc/stringenc.sty)
(/usr/local/texlive/2025basic/texmf-dist/tex/latex/hyperref/pd1enc.def)
(/usr/local/texlive/2025basic/texmf-dist/tex/generic/intcalc/intcalc.sty)
(/usr/local/texlive/2025basic/texmf-dist/tex/latex/hyperref/puenc.def)
(/usr/local/texlive/2025basic/texmf-dist/tex/generic/bitset/bitset.sty
(/usr/local/texlive/2025basic/texmf-dist/tex/generic/bigintcalc/bigintcalc.sty)
) (/usr/local/texlive/2025basic/texmf-dist/tex/latex/base/atbegshi-ltx.sty))
(/usr/local/texlive/2025basic/texmf-dist/tex/latex/hyperref/hpdftex.def
(/usr/local/texlive/2025basic/texmf-dist/tex/latex/base/atveryend-ltx.sty)
(/usr/local/texlive/2025basic/texmf-dist/tex/latex/rerunfilecheck/rerunfilechec
k.sty
(/usr/local/texlive/2025basic/texmf-dist/tex/generic/uniquecounter/uniquecounte
r.sty)))) (/usr/local/texlive/2025basic/texmf-dist/tex/latex/base/makeidx.sty)
Writing index file Rd2.idx
(/usr/local/texlive/2025basic/texmf-dist/tex/latex/psnfss/t1ptm.fd)
(/usr/local/texlive/2025basic/texmf-dist/tex/latex/l3backend/l3backend-pdftex.d
ef) (./Rd2.aux)
(/usr/local/texlive/2025basic/texmf-dist/tex/context/base/mkii/supp-pdf.mkii
[Loading MPS to PDF converter (version 2006.09.02).]
) (./Rd2.out) (./Rd2.out)
(/usr/local/texlive/2025basic/texmf-dist/tex/latex/psnfss/ts1ptm.fd)
(/usr/local/texlive/2025basic/texmf-dist/tex/latex/inconsolata/t1zi4.fd)
(./Rd2.toc (/usr/local/texlive/2025basic/texmf-dist/tex/latex/amsfonts/umsa.fd)
(/usr/local/texlive/2025basic/texmf-dist/tex/latex/amsfonts/umsb.fd))
[1{/usr/local/texlive/2025basic/texmf-var/fonts/map/pdftex/updmap/pdftex.map}{/
usr/local/texlive/2025basic/texmf-dist/fonts/enc/dvips/base/8r.enc}{/usr/local/
texlive/2025basic/texmf-dist/fonts/enc/dvips/inconsolata/i4-t1-0.enc}]
[2]
[3]
[4]
[5]
Overfull \hbox (8.21341pt too wide) in paragraph at lines 300--300
 []\T1/zi4/m/n/9 result <- mise.lambda.optim(lambda, x, y, r = 1, sig = sig, ns
eg = 10, pord = 2, bdeg = 3, f = f)[] 

Overfull \hbox (8.21341pt too wide) in paragraph at lines 308--308
 []\T1/zi4/m/n/9 result <- mise.lambda.optim(lambda, x, y, r = 1, sig = sig, ns
eg = 10, pord = 2, bdeg = 3, f = f)[] 

[6]
[7]
Overfull \hbox (80.24101pt too wide) in paragraph at lines 381--381
 []\T1/zi4/m/n/9 legend("topright", legend = c("Estimated Derivative", "True De
rivative"), col = c("blue", "green"), lty = 1:2)[] 

Overfull \hbox (80.24101pt too wide) in paragraph at lines 393--393
 []\T1/zi4/m/n/9 legend("topright", legend = c("Estimated Derivative", "True De
rivative"), col = c("blue", "green"), lty = 1:2)[] 

[8]
Overfull \hbox (135.70728pt too wide) in paragraph at lines 470--470
 []\T1/zi4/m/n/9 result <- oracle.est(initial.lambda = 0.1, x, y, r = 1, fr.gri
d = fprime.grid, nseg = 10, pord = 2, bdeg = 3, x.grid = x.grid)[] 

Overfull \hbox (80.24101pt too wide) in paragraph at lines 473--473
 []\T1/zi4/m/n/9 legend("topright", legend = c("Estimated Derivative", "True De
rivative"), col = c("blue", "green"), lty = 1:2)[] 

Overfull \hbox (135.70728pt too wide) in paragraph at lines 482--482
 []\T1/zi4/m/n/9 result <- oracle.est(initial.lambda = 0.1, x, y, r = 1, fr.gri
d = fprime.grid, nseg = 10, pord = 2, bdeg = 3, x.grid = x.grid)[] 

[9]
Overfull \hbox (80.24101pt too wide) in paragraph at lines 485--485
 []\T1/zi4/m/n/9 legend("topright", legend = c("Estimated Derivative", "True De
rivative"), col = c("blue", "green"), lty = 1:2)[] 

[10]
Overfull \hbox (104.20728pt too wide) in paragraph at lines 559--559
 []\T1/zi4/m/n/9 result <- oracle.loss(lambda = 0.1, x, y, r = 1, fr.grid = fpr
ime.grid, nseg = 10, pord = 2, bdeg = 3, x.grid = x.grid)[] 

Overfull \hbox (104.20728pt too wide) in paragraph at lines 569--569
 []\T1/zi4/m/n/9 result <- oracle.loss(lambda = 0.1, x, y, r = 1, fr.grid = fpr
ime.grid, nseg = 10, pord = 2, bdeg = 3, x.grid = x.grid)[] 

[11]
Overfull \hbox (80.24101pt too wide) in paragraph at lines 646--646
 []\T1/zi4/m/n/9 legend("topright", legend = c("Estimated Derivative", "True De
rivative"), col = c("blue", "green"), lty = 1:2)[] 
(/usr/local/texlive/2025basic/texmf-dist/tex/latex/inconsolata/ts1zi4.fd)
[12{/usr/local/texlive/2025basic/texmf-dist/fonts/enc/dvips/inconsolata/i4-ts1.
enc}]
Overfull \hbox (80.24101pt too wide) in paragraph at lines 660--660
 []\T1/zi4/m/n/9 legend("topright", legend = c("Estimated Derivative", "True De
rivative"), col = c("blue", "green"), lty = 1:2)[] 

[13]
Overfull \hbox (80.24101pt too wide) in paragraph at lines 732--732
 []\T1/zi4/m/n/9 legend("topright", legend = c("Estimated Derivative", "True De
rivative"), col = c("blue", "green"), lty = 1:2)[] 

Overfull \hbox (80.24101pt too wide) in paragraph at lines 744--744
 []\T1/zi4/m/n/9 legend("topright", legend = c("Estimated Derivative", "True De
rivative"), col = c("blue", "green"), lty = 1:2)[] 

[14]
Overfull \hbox (80.24101pt too wide) in paragraph at lines 810--810
 []\T1/zi4/m/n/9 legend("topright", legend = c("Estimated Derivative", "True De
rivative"), col = c("blue", "green"), lty = 1:2)[] 

[15]
Overfull \hbox (80.24101pt too wide) in paragraph at lines 822--822
 []\T1/zi4/m/n/9 legend("topright", legend = c("Estimated Derivative", "True De
rivative"), col = c("blue", "green"), lty = 1:2)[] 

Overfull \hbox (195.71954pt too wide) in paragraph at lines 823--823
 []\T1/zi4/m/n/9 #\TS1/zi4/m/n/9 ' \T1/zi4/m/n/9 @references Eilers, P. H. C. &
 Marx, B. D. (1996). Flexible smoothing with B-splines and penalties. Statistic
al Science, 11(2), 89-121.[] 
(./Rd2.ind
[16]

[17]) (./Rd2.aux) )
(see the transcript file for additional information)</usr/local/texlive/2025bas
ic/texmf-dist/fonts/type1/public/inconsolata/Inconsolata-zi4r.pfb></usr/local/t
exlive/2025basic/texmf-dist/fonts/type1/public/amsfonts/cm/cmmi10.pfb></usr/loc
al/texlive/2025basic/texmf-dist/fonts/type1/public/amsfonts/cm/cmr10.pfb></usr/
local/texlive/2025basic/texmf-dist/fonts/type1/public/amsfonts/cm/cmr7.pfb></us
r/local/texlive/2025basic/texmf-dist/fonts/type1/public/amsfonts/cm/cmsy10.pfb>
</usr/local/texlive/2025basic/texmf-dist/fonts/type1/urw/times/utmb8a.pfb></usr
/local/texlive/2025basic/texmf-dist/fonts/type1/urw/times/utmr8a.pfb></usr/loca
l/texlive/2025basic/texmf-dist/fonts/type1/urw/times/utmr8a.pfb></usr/local/tex
live/2025basic/texmf-dist/fonts/type1/urw/times/utmri8a.pfb>
Output written on Rd2.pdf (17 pages, 140845 bytes).
Transcript written on Rd2.log.
Saving output to ‘JSODPsplines-manual.pdf’ ...
Done
You may want to clean up by 'rm -Rf /var/folders/wn/4sm351b900qg_5z1gvp_51vw0000gn/T//RtmpzcdYPe/Rd2pdf175b393bc2b4'
